2023.04.16 15:46:01 INFO  ce[][o.s.p.ProcessEntryPoint] Starting ce
2023.04.16 15:46:01 INFO  ce[][o.s.ce.app.CeServer] Compute Engine starting up...
2023.04.16 15:46:01 INFO  ce[][o.s.s.e.EsClientProvider] Connected to local Elasticsearch: [http://localhost:9001]
2023.04.16 15:46:01 INFO  ce[][o.sonar.db.Database] Create JDBC data source for jdbc:h2:tcp://127.0.0.1:9092/sonar
2023.04.16 15:46:02 WARN  ce[][o.s.db.dialect.H2] H2 database should be used for evaluation purpose only.
2023.04.16 15:46:03 INFO  ce[][o.s.s.p.ServerFileSystemImpl] SonarQube home: /opt/sonarqube
2023.04.16 15:46:03 INFO  ce[][o.s.c.c.CePluginRepository] Load plugins
2023.04.16 15:46:04 INFO  ce[][o.s.c.c.ComputeEngineContainerImpl] Running Community edition
2023.04.16 15:46:04 INFO  ce[][o.s.ce.app.CeServer] Compute Engine is operational
2023.04.16 15:46:09 INFO  ce[][o.s.p.ProcessEntryPoint] Gracefully stopping process
2023.04.16 15:46:09 INFO  ce[][o.s.ce.app.CeServer] Compute Engine is stopping...
2023.04.16 15:46:09 INFO  ce[][o.s.c.t.CeProcessingSchedulerImpl] Gracefully stopping workers...
2023.04.16 15:46:09 INFO  ce[][o.s.ce.app.CeServer] Compute Engine is stopped
2023.04.16 15:46:36 INFO  ce[][o.s.p.ProcessEntryPoint] Starting ce
2023.04.16 15:46:36 INFO  ce[][o.s.ce.app.CeServer] Compute Engine starting up...
2023.04.16 15:46:37 INFO  ce[][o.s.s.e.EsClientProvider] Connected to local Elasticsearch: [http://localhost:9001]
2023.04.16 15:46:37 INFO  ce[][o.sonar.db.Database] Create JDBC data source for jdbc:h2:tcp://127.0.0.1:9092/sonar
2023.04.16 15:46:37 WARN  ce[][o.s.db.dialect.H2] H2 database should be used for evaluation purpose only.
2023.04.16 15:46:38 INFO  ce[][o.s.s.p.ServerFileSystemImpl] SonarQube home: /opt/sonarqube
2023.04.16 15:46:38 INFO  ce[][o.s.c.c.CePluginRepository] Load plugins
2023.04.16 15:46:39 INFO  ce[][o.s.c.c.ComputeEngineContainerImpl] Running Community edition
2023.04.16 15:46:39 INFO  ce[][o.s.ce.app.CeServer] Compute Engine is operational
