2023.04.13 18:42:01 INFO  ce[][o.s.p.ProcessEntryPoint] Gracefully stopping process
2023.04.13 18:42:01 INFO  ce[][o.s.ce.app.CeServer] Compute Engine is stopping...
2023.04.13 18:42:02 INFO  ce[][o.s.c.t.CeProcessingSchedulerImpl] Gracefully stopping workers...
2023.04.13 18:42:02 INFO  ce[][o.s.ce.app.CeServer] Compute Engine is stopped
2023.04.13 18:43:24 INFO  ce[][o.s.p.ProcessEntryPoint] Starting ce
2023.04.13 18:43:24 INFO  ce[][o.s.ce.app.CeServer] Compute Engine starting up...
2023.04.13 18:43:25 INFO  ce[][o.s.s.e.EsClientProvider] Connected to local Elasticsearch: [http://localhost:9001]
2023.04.13 18:43:25 INFO  ce[][o.sonar.db.Database] Create JDBC data source for jdbc:h2:tcp://127.0.0.1:9092/sonar
2023.04.13 18:43:25 WARN  ce[][o.s.db.dialect.H2] H2 database should be used for evaluation purpose only.
2023.04.13 18:43:26 INFO  ce[][o.s.s.p.ServerFileSystemImpl] SonarQube home: /opt/sonarqube
2023.04.13 18:43:26 INFO  ce[][o.s.c.c.CePluginRepository] Load plugins
2023.04.13 18:43:28 INFO  ce[][o.s.c.c.ComputeEngineContainerImpl] Running Community edition
2023.04.13 18:43:28 INFO  ce[][o.s.ce.app.CeServer] Compute Engine is operational
2023.04.13 19:00:50 INFO  ce[][o.s.p.ProcessEntryPoint] Gracefully stopping process
2023.04.13 19:00:50 INFO  ce[][o.s.ce.app.CeServer] Compute Engine is stopping...
2023.04.13 19:00:50 INFO  ce[][o.s.c.t.CeProcessingSchedulerImpl] Gracefully stopping workers...
2023.04.13 19:00:50 INFO  ce[][o.s.ce.app.CeServer] Compute Engine is stopped
2023.04.13 19:01:46 INFO  ce[][o.s.p.ProcessEntryPoint] Starting ce
2023.04.13 19:01:46 INFO  ce[][o.s.ce.app.CeServer] Compute Engine starting up...
2023.04.13 19:01:46 INFO  ce[][o.s.s.e.EsClientProvider] Connected to local Elasticsearch: [http://localhost:9001]
2023.04.13 19:01:47 INFO  ce[][o.sonar.db.Database] Create JDBC data source for jdbc:h2:tcp://127.0.0.1:9092/sonar
2023.04.13 19:01:48 WARN  ce[][o.s.db.dialect.H2] H2 database should be used for evaluation purpose only.
2023.04.13 19:01:50 INFO  ce[][o.s.s.p.ServerFileSystemImpl] SonarQube home: /opt/sonarqube
2023.04.13 19:01:51 INFO  ce[][o.s.c.c.CePluginRepository] Load plugins
2023.04.13 19:01:54 INFO  ce[][o.s.c.c.ComputeEngineContainerImpl] Running Community edition
2023.04.13 19:01:54 INFO  ce[][o.s.ce.app.CeServer] Compute Engine is operational
2023.04.13 19:07:43 INFO  ce[][o.s.p.ProcessEntryPoint] Gracefully stopping process
2023.04.13 19:07:43 INFO  ce[][o.s.ce.app.CeServer] Compute Engine is stopping...
2023.04.13 19:07:43 INFO  ce[][o.s.c.t.CeProcessingSchedulerImpl] Gracefully stopping workers...
2023.04.13 19:07:43 INFO  ce[][o.s.ce.app.CeServer] Compute Engine is stopped
2023.04.13 19:09:04 INFO  ce[][o.s.p.ProcessEntryPoint] Starting ce
2023.04.13 19:09:04 INFO  ce[][o.s.ce.app.CeServer] Compute Engine starting up...
2023.04.13 19:09:05 INFO  ce[][o.s.s.e.EsClientProvider] Connected to local Elasticsearch: [http://localhost:9001]
2023.04.13 19:09:06 INFO  ce[][o.sonar.db.Database] Create JDBC data source for jdbc:h2:tcp://127.0.0.1:9092/sonar
2023.04.13 19:09:07 WARN  ce[][o.s.db.dialect.H2] H2 database should be used for evaluation purpose only.
2023.04.13 19:09:10 INFO  ce[][o.s.s.p.ServerFileSystemImpl] SonarQube home: /opt/sonarqube
2023.04.13 19:09:11 INFO  ce[][o.s.c.c.CePluginRepository] Load plugins
2023.04.13 19:09:15 INFO  ce[][o.s.c.c.ComputeEngineContainerImpl] Running Community edition
2023.04.13 19:09:15 INFO  ce[][o.s.ce.app.CeServer] Compute Engine is operational
