2023.04.06 16:44:09 INFO  app[][o.s.a.SchedulerImpl] Stopping SonarQube
2023.04.06 16:44:11 INFO  app[][o.s.a.SchedulerImpl] Process[ce] is stopped
2023.04.06 16:44:12 INFO  app[][o.s.a.SchedulerImpl] Process[web] is stopped
2023.04.06 16:44:12 INFO  app[][o.s.a.SchedulerImpl] Process[es] is stopped
2023.04.06 16:44:12 WARN  app[][o.s.a.p.AbstractManagedProcess] Process exited with exit value [es]: 143
2023.04.06 16:44:12 INFO  app[][o.s.a.SchedulerImpl] SonarQube is stopped
2023.04.06 16:44:50 INFO  app[][o.s.a.AppFileSystem] Cleaning or creating temp directory /opt/sonarqube/temp
2023.04.06 16:44:50 INFO  app[][o.s.a.es.EsSettings] Elasticsearch listening on [HTTP: 127.0.0.1:9001, TCP: 127.0.0.1:34145]
2023.04.06 16:44:50 INFO  app[][o.s.a.ProcessLauncherImpl] Launch process[[key='es', ipcIndex=1, logFilenamePrefix=es]] from [/opt/sonarqube/elasticsearch]: /opt/sonarqube/elasticsearch/bin/elasticsearch
2023.04.06 16:44:50 INFO  app[][o.s.a.SchedulerImpl] Waiting for Elasticsearch to be up and running
2023.04.06 16:45:01 INFO  app[][o.s.a.SchedulerImpl] Process[es] is up
2023.04.06 16:45:01 INFO  app[][o.s.a.ProcessLauncherImpl] Launch process[[key='web', ipcIndex=2, logFilenamePrefix=web]] from [/opt/sonarqube]: /opt/java/openjdk/bin/java -Djava.awt.headless=true -Dfile.encoding=UTF-8 -Djava.io.tmpdir=/opt/sonarqube/temp -XX:-OmitStackTraceInFastThrow --add-opens=java.base/java.util=ALL-UNNAMED --add-opens=java.base/java.lang=ALL-UNNAMED --add-opens=java.base/java.io=ALL-UNNAMED --add-opens=java.rmi/sun.rmi.transport=ALL-UNNAMED -Xmx512m -Xms128m -XX:+HeapDumpOnOutOfMemoryError -Dhttp.nonProxyHosts=localhost|127.*|[::1] -cp ./lib/sonar-application-8.9.10.61524.jar:/opt/sonarqube/lib/jdbc/h2/h2-1.4.199.jar org.sonar.server.app.WebServer /opt/sonarqube/temp/sq-process11552734235444587362properties
2023.04.06 16:45:24 INFO  app[][o.s.a.SchedulerImpl] Process[web] is up
2023.04.06 16:45:24 INFO  app[][o.s.a.ProcessLauncherImpl] Launch process[[key='ce', ipcIndex=3, logFilenamePrefix=ce]] from [/opt/sonarqube]: /opt/java/openjdk/bin/java -Djava.awt.headless=true -Dfile.encoding=UTF-8 -Djava.io.tmpdir=/opt/sonarqube/temp -XX:-OmitStackTraceInFastThrow --add-opens=java.base/java.util=ALL-UNNAMED -Xmx512m -Xms128m -XX:+HeapDumpOnOutOfMemoryError -Dhttp.nonProxyHosts=localhost|127.*|[::1] -cp ./lib/sonar-application-8.9.10.61524.jar:/opt/sonarqube/lib/jdbc/h2/h2-1.4.199.jar org.sonar.ce.app.CeServer /opt/sonarqube/temp/sq-process12838204500010656336properties
2023.04.06 16:45:32 INFO  app[][o.s.a.SchedulerImpl] Process[ce] is up
2023.04.06 16:45:32 INFO  app[][o.s.a.SchedulerImpl] SonarQube is up
2023.04.06 16:47:06 INFO  app[][o.s.a.SchedulerImpl] Stopping SonarQube
2023.04.06 16:47:06 INFO  app[][o.s.a.SchedulerImpl] Process[ce] is stopped
2023.04.06 16:47:08 INFO  app[][o.s.a.SchedulerImpl] Process[web] is stopped
2023.04.06 16:47:08 WARN  app[][o.s.a.p.AbstractManagedProcess] Process exited with exit value [es]: 143
2023.04.06 16:47:08 INFO  app[][o.s.a.SchedulerImpl] Process[es] is stopped
2023.04.06 16:47:08 INFO  app[][o.s.a.SchedulerImpl] SonarQube is stopped
2023.04.06 16:47:17 INFO  app[][o.s.a.AppFileSystem] Cleaning or creating temp directory /opt/sonarqube/temp
2023.04.06 16:47:17 INFO  app[][o.s.a.es.EsSettings] Elasticsearch listening on [HTTP: 127.0.0.1:9001, TCP: 127.0.0.1:39405]
2023.04.06 16:47:17 INFO  app[][o.s.a.ProcessLauncherImpl] Launch process[[key='es', ipcIndex=1, logFilenamePrefix=es]] from [/opt/sonarqube/elasticsearch]: /opt/sonarqube/elasticsearch/bin/elasticsearch
2023.04.06 16:47:17 INFO  app[][o.s.a.SchedulerImpl] Waiting for Elasticsearch to be up and running
2023.04.06 16:47:36 INFO  app[][o.s.a.SchedulerImpl] Process[es] is up
2023.04.06 16:47:36 INFO  app[][o.s.a.ProcessLauncherImpl] Launch process[[key='web', ipcIndex=2, logFilenamePrefix=web]] from [/opt/sonarqube]: /opt/java/openjdk/bin/java -Djava.awt.headless=true -Dfile.encoding=UTF-8 -Djava.io.tmpdir=/opt/sonarqube/temp -XX:-OmitStackTraceInFastThrow --add-opens=java.base/java.util=ALL-UNNAMED --add-opens=java.base/java.lang=ALL-UNNAMED --add-opens=java.base/java.io=ALL-UNNAMED --add-opens=java.rmi/sun.rmi.transport=ALL-UNNAMED -Xmx512m -Xms128m -XX:+HeapDumpOnOutOfMemoryError -Dhttp.nonProxyHosts=localhost|127.*|[::1] -cp ./lib/sonar-application-8.9.10.61524.jar:/opt/sonarqube/lib/jdbc/h2/h2-1.4.199.jar org.sonar.server.app.WebServer /opt/sonarqube/temp/sq-process5273943322523119703properties
2023.04.06 16:48:09 INFO  app[][o.s.a.SchedulerImpl] Process[web] is up
2023.04.06 16:48:09 INFO  app[][o.s.a.ProcessLauncherImpl] Launch process[[key='ce', ipcIndex=3, logFilenamePrefix=ce]] from [/opt/sonarqube]: /opt/java/openjdk/bin/java -Djava.awt.headless=true -Dfile.encoding=UTF-8 -Djava.io.tmpdir=/opt/sonarqube/temp -XX:-OmitStackTraceInFastThrow --add-opens=java.base/java.util=ALL-UNNAMED -Xmx512m -Xms128m -XX:+HeapDumpOnOutOfMemoryError -Dhttp.nonProxyHosts=localhost|127.*|[::1] -cp ./lib/sonar-application-8.9.10.61524.jar:/opt/sonarqube/lib/jdbc/h2/h2-1.4.199.jar org.sonar.ce.app.CeServer /opt/sonarqube/temp/sq-process14604846741634074880properties
2023.04.06 16:48:19 INFO  app[][o.s.a.SchedulerImpl] Process[ce] is up
2023.04.06 16:48:19 INFO  app[][o.s.a.SchedulerImpl] SonarQube is up
