2023.04.11 18:38:11 INFO  app[][o.s.a.SchedulerImpl] Stopping SonarQube
2023.04.11 18:38:18 INFO  app[][o.s.a.SchedulerImpl] Process[ce] is stopped
2023.04.11 18:39:10 INFO  app[][o.s.a.AppFileSystem] Cleaning or creating temp directory /opt/sonarqube/temp
2023.04.11 18:39:11 INFO  app[][o.s.a.es.EsSettings] Elasticsearch listening on [HTTP: 127.0.0.1:9001, TCP: 127.0.0.1:41435]
2023.04.11 18:39:11 INFO  app[][o.s.a.ProcessLauncherImpl] Launch process[[key='es', ipcIndex=1, logFilenamePrefix=es]] from [/opt/sonarqube/elasticsearch]: /opt/sonarqube/elasticsearch/bin/elasticsearch
2023.04.11 18:39:12 INFO  app[][o.s.a.SchedulerImpl] Waiting for Elasticsearch to be up and running
2023.04.11 18:39:40 INFO  app[][o.s.a.SchedulerImpl] Process[es] is up
2023.04.11 18:39:40 INFO  app[][o.s.a.ProcessLauncherImpl] Launch process[[key='web', ipcIndex=2, logFilenamePrefix=web]] from [/opt/sonarqube]: /opt/java/openjdk/bin/java -Djava.awt.headless=true -Dfile.encoding=UTF-8 -Djava.io.tmpdir=/opt/sonarqube/temp -XX:-OmitStackTraceInFastThrow --add-opens=java.base/java.util=ALL-UNNAMED --add-opens=java.base/java.lang=ALL-UNNAMED --add-opens=java.base/java.io=ALL-UNNAMED --add-opens=java.rmi/sun.rmi.transport=ALL-UNNAMED -Xmx512m -Xms128m -XX:+HeapDumpOnOutOfMemoryError -Dhttp.nonProxyHosts=localhost|127.*|[::1] -cp ./lib/sonar-application-8.9.10.61524.jar:/opt/sonarqube/lib/jdbc/h2/h2-1.4.199.jar org.sonar.server.app.WebServer /opt/sonarqube/temp/sq-process2431453370735163962properties
2023.04.11 18:40:14 INFO  app[][o.s.a.SchedulerImpl] Process[web] is up
2023.04.11 18:40:14 INFO  app[][o.s.a.ProcessLauncherImpl] Launch process[[key='ce', ipcIndex=3, logFilenamePrefix=ce]] from [/opt/sonarqube]: /opt/java/openjdk/bin/java -Djava.awt.headless=true -Dfile.encoding=UTF-8 -Djava.io.tmpdir=/opt/sonarqube/temp -XX:-OmitStackTraceInFastThrow --add-opens=java.base/java.util=ALL-UNNAMED -Xmx512m -Xms128m -XX:+HeapDumpOnOutOfMemoryError -Dhttp.nonProxyHosts=localhost|127.*|[::1] -cp ./lib/sonar-application-8.9.10.61524.jar:/opt/sonarqube/lib/jdbc/h2/h2-1.4.199.jar org.sonar.ce.app.CeServer /opt/sonarqube/temp/sq-process14291140042289389102properties
2023.04.11 18:40:20 INFO  app[][o.s.a.SchedulerImpl] Process[ce] is up
2023.04.11 18:40:20 INFO  app[][o.s.a.SchedulerImpl] SonarQube is up
2023.04.11 18:46:00 INFO  app[][o.s.a.SchedulerImpl] Stopping SonarQube
2023.04.11 18:46:00 INFO  app[][o.s.a.SchedulerImpl] Process[ce] is stopped
2023.04.11 18:46:01 INFO  app[][o.s.a.SchedulerImpl] Process[web] is stopped
2023.04.11 18:46:02 WARN  app[][o.s.a.p.AbstractManagedProcess] Process exited with exit value [es]: 143
2023.04.11 18:46:02 INFO  app[][o.s.a.SchedulerImpl] Process[es] is stopped
2023.04.11 18:46:02 INFO  app[][o.s.a.SchedulerImpl] SonarQube is stopped
2023.04.11 18:46:16 INFO  app[][o.s.a.AppFileSystem] Cleaning or creating temp directory /opt/sonarqube/temp
2023.04.11 18:46:16 INFO  app[][o.s.a.es.EsSettings] Elasticsearch listening on [HTTP: 127.0.0.1:9001, TCP: 127.0.0.1:39065]
2023.04.11 18:46:16 INFO  app[][o.s.a.ProcessLauncherImpl] Launch process[[key='es', ipcIndex=1, logFilenamePrefix=es]] from [/opt/sonarqube/elasticsearch]: /opt/sonarqube/elasticsearch/bin/elasticsearch
2023.04.11 18:46:16 INFO  app[][o.s.a.SchedulerImpl] Waiting for Elasticsearch to be up and running
2023.04.11 18:46:43 INFO  app[][o.s.a.SchedulerImpl] Process[es] is up
2023.04.11 18:46:43 INFO  app[][o.s.a.ProcessLauncherImpl] Launch process[[key='web', ipcIndex=2, logFilenamePrefix=web]] from [/opt/sonarqube]: /opt/java/openjdk/bin/java -Djava.awt.headless=true -Dfile.encoding=UTF-8 -Djava.io.tmpdir=/opt/sonarqube/temp -XX:-OmitStackTraceInFastThrow --add-opens=java.base/java.util=ALL-UNNAMED --add-opens=java.base/java.lang=ALL-UNNAMED --add-opens=java.base/java.io=ALL-UNNAMED --add-opens=java.rmi/sun.rmi.transport=ALL-UNNAMED -Xmx512m -Xms128m -XX:+HeapDumpOnOutOfMemoryError -Dhttp.nonProxyHosts=localhost|127.*|[::1] -cp ./lib/sonar-application-8.9.10.61524.jar:/opt/sonarqube/lib/jdbc/h2/h2-1.4.199.jar org.sonar.server.app.WebServer /opt/sonarqube/temp/sq-process14684230318287397853properties
2023.04.11 18:47:25 INFO  app[][o.s.a.SchedulerImpl] Process[web] is up
2023.04.11 18:47:25 INFO  app[][o.s.a.ProcessLauncherImpl] Launch process[[key='ce', ipcIndex=3, logFilenamePrefix=ce]] from [/opt/sonarqube]: /opt/java/openjdk/bin/java -Djava.awt.headless=true -Dfile.encoding=UTF-8 -Djava.io.tmpdir=/opt/sonarqube/temp -XX:-OmitStackTraceInFastThrow --add-opens=java.base/java.util=ALL-UNNAMED -Xmx512m -Xms128m -XX:+HeapDumpOnOutOfMemoryError -Dhttp.nonProxyHosts=localhost|127.*|[::1] -cp ./lib/sonar-application-8.9.10.61524.jar:/opt/sonarqube/lib/jdbc/h2/h2-1.4.199.jar org.sonar.ce.app.CeServer /opt/sonarqube/temp/sq-process4589941458316054036properties
2023.04.11 18:47:33 INFO  app[][o.s.a.SchedulerImpl] Process[ce] is up
2023.04.11 18:47:33 INFO  app[][o.s.a.SchedulerImpl] SonarQube is up
