2023.04.13 18:41:59 INFO  app[][o.s.a.SchedulerImpl] Stopping SonarQube
2023.04.13 18:42:03 INFO  app[][o.s.a.SchedulerImpl] Process[ce] is stopped
2023.04.13 18:42:57 INFO  app[][o.s.a.AppFileSystem] Cleaning or creating temp directory /opt/sonarqube/temp
2023.04.13 18:42:57 INFO  app[][o.s.a.es.EsSettings] Elasticsearch listening on [HTTP: 127.0.0.1:9001, TCP: 127.0.0.1:42113]
2023.04.13 18:42:57 INFO  app[][o.s.a.ProcessLauncherImpl] Launch process[[key='es', ipcIndex=1, logFilenamePrefix=es]] from [/opt/sonarqube/elasticsearch]: /opt/sonarqube/elasticsearch/bin/elasticsearch
2023.04.13 18:42:57 INFO  app[][o.s.a.SchedulerImpl] Waiting for Elasticsearch to be up and running
2023.04.13 18:43:10 INFO  app[][o.s.a.SchedulerImpl] Process[es] is up
2023.04.13 18:43:10 INFO  app[][o.s.a.ProcessLauncherImpl] Launch process[[key='web', ipcIndex=2, logFilenamePrefix=web]] from [/opt/sonarqube]: /opt/java/openjdk/bin/java -Djava.awt.headless=true -Dfile.encoding=UTF-8 -Djava.io.tmpdir=/opt/sonarqube/temp -XX:-OmitStackTraceInFastThrow --add-opens=java.base/java.util=ALL-UNNAMED --add-opens=java.base/java.lang=ALL-UNNAMED --add-opens=java.base/java.io=ALL-UNNAMED --add-opens=java.rmi/sun.rmi.transport=ALL-UNNAMED -Xmx512m -Xms128m -XX:+HeapDumpOnOutOfMemoryError -Dhttp.nonProxyHosts=localhost|127.*|[::1] -cp ./lib/sonar-application-8.9.10.61524.jar:/opt/sonarqube/lib/jdbc/h2/h2-1.4.199.jar org.sonar.server.app.WebServer /opt/sonarqube/temp/sq-process14218576426691930652properties
2023.04.13 18:43:24 INFO  app[][o.s.a.SchedulerImpl] Process[web] is up
2023.04.13 18:43:24 INFO  app[][o.s.a.ProcessLauncherImpl] Launch process[[key='ce', ipcIndex=3, logFilenamePrefix=ce]] from [/opt/sonarqube]: /opt/java/openjdk/bin/java -Djava.awt.headless=true -Dfile.encoding=UTF-8 -Djava.io.tmpdir=/opt/sonarqube/temp -XX:-OmitStackTraceInFastThrow --add-opens=java.base/java.util=ALL-UNNAMED -Xmx512m -Xms128m -XX:+HeapDumpOnOutOfMemoryError -Dhttp.nonProxyHosts=localhost|127.*|[::1] -cp ./lib/sonar-application-8.9.10.61524.jar:/opt/sonarqube/lib/jdbc/h2/h2-1.4.199.jar org.sonar.ce.app.CeServer /opt/sonarqube/temp/sq-process15248604189524405261properties
2023.04.13 18:43:28 INFO  app[][o.s.a.SchedulerImpl] Process[ce] is up
2023.04.13 18:43:28 INFO  app[][o.s.a.SchedulerImpl] SonarQube is up
2023.04.13 19:00:49 INFO  app[][o.s.a.SchedulerImpl] Stopping SonarQube
2023.04.13 19:00:50 INFO  app[][o.s.a.SchedulerImpl] Process[ce] is stopped
2023.04.13 19:00:50 INFO  app[][o.s.a.SchedulerImpl] Process[web] is stopped
2023.04.13 19:00:50 INFO  app[][o.s.a.SchedulerImpl] Process[es] is stopped
2023.04.13 19:00:50 INFO  app[][o.s.a.SchedulerImpl] SonarQube is stopped
2023.04.13 19:00:50 WARN  app[][o.s.a.p.AbstractManagedProcess] Process exited with exit value [es]: 143
2023.04.13 19:00:52 INFO  app[][o.s.a.AppFileSystem] Cleaning or creating temp directory /opt/sonarqube/temp
2023.04.13 19:00:52 INFO  app[][o.s.a.es.EsSettings] Elasticsearch listening on [HTTP: 127.0.0.1:9001, TCP: 127.0.0.1:45375]
2023.04.13 19:00:52 INFO  app[][o.s.a.ProcessLauncherImpl] Launch process[[key='es', ipcIndex=1, logFilenamePrefix=es]] from [/opt/sonarqube/elasticsearch]: /opt/sonarqube/elasticsearch/bin/elasticsearch
2023.04.13 19:00:52 INFO  app[][o.s.a.SchedulerImpl] Waiting for Elasticsearch to be up and running
2023.04.13 19:01:00 INFO  app[][o.s.a.SchedulerImpl] Process[es] is up
2023.04.13 19:01:00 INFO  app[][o.s.a.ProcessLauncherImpl] Launch process[[key='web', ipcIndex=2, logFilenamePrefix=web]] from [/opt/sonarqube]: /opt/java/openjdk/bin/java -Djava.awt.headless=true -Dfile.encoding=UTF-8 -Djava.io.tmpdir=/opt/sonarqube/temp -XX:-OmitStackTraceInFastThrow --add-opens=java.base/java.util=ALL-UNNAMED --add-opens=java.base/java.lang=ALL-UNNAMED --add-opens=java.base/java.io=ALL-UNNAMED --add-opens=java.rmi/sun.rmi.transport=ALL-UNNAMED -Xmx512m -Xms128m -XX:+HeapDumpOnOutOfMemoryError -Dhttp.nonProxyHosts=localhost|127.*|[::1] -cp ./lib/sonar-application-8.9.10.61524.jar:/opt/sonarqube/lib/jdbc/h2/h2-1.4.199.jar org.sonar.server.app.WebServer /opt/sonarqube/temp/sq-process16784503370924587154properties
2023.04.13 19:01:45 INFO  app[][o.s.a.SchedulerImpl] Process[web] is up
2023.04.13 19:01:45 INFO  app[][o.s.a.ProcessLauncherImpl] Launch process[[key='ce', ipcIndex=3, logFilenamePrefix=ce]] from [/opt/sonarqube]: /opt/java/openjdk/bin/java -Djava.awt.headless=true -Dfile.encoding=UTF-8 -Djava.io.tmpdir=/opt/sonarqube/temp -XX:-OmitStackTraceInFastThrow --add-opens=java.base/java.util=ALL-UNNAMED -Xmx512m -Xms128m -XX:+HeapDumpOnOutOfMemoryError -Dhttp.nonProxyHosts=localhost|127.*|[::1] -cp ./lib/sonar-application-8.9.10.61524.jar:/opt/sonarqube/lib/jdbc/h2/h2-1.4.199.jar org.sonar.ce.app.CeServer /opt/sonarqube/temp/sq-process13727051789225392239properties
2023.04.13 19:01:55 INFO  app[][o.s.a.SchedulerImpl] Process[ce] is up
2023.04.13 19:01:55 INFO  app[][o.s.a.SchedulerImpl] SonarQube is up
2023.04.13 19:07:43 INFO  app[][o.s.a.SchedulerImpl] Stopping SonarQube
2023.04.13 19:07:43 INFO  app[][o.s.a.SchedulerImpl] Process[ce] is stopped
2023.04.13 19:07:44 INFO  app[][o.s.a.SchedulerImpl] Process[web] is stopped
2023.04.13 19:07:44 INFO  app[][o.s.a.SchedulerImpl] Process[es] is stopped
2023.04.13 19:07:44 WARN  app[][o.s.a.p.AbstractManagedProcess] Process exited with exit value [es]: 143
2023.04.13 19:07:44 INFO  app[][o.s.a.SchedulerImpl] SonarQube is stopped
2023.04.13 19:07:49 INFO  app[][o.s.a.AppFileSystem] Cleaning or creating temp directory /opt/sonarqube/temp
2023.04.13 19:07:49 INFO  app[][o.s.a.es.EsSettings] Elasticsearch listening on [HTTP: 127.0.0.1:9001, TCP: 127.0.0.1:38917]
2023.04.13 19:07:50 INFO  app[][o.s.a.ProcessLauncherImpl] Launch process[[key='es', ipcIndex=1, logFilenamePrefix=es]] from [/opt/sonarqube/elasticsearch]: /opt/sonarqube/elasticsearch/bin/elasticsearch
2023.04.13 19:07:50 INFO  app[][o.s.a.SchedulerImpl] Waiting for Elasticsearch to be up and running
2023.04.13 19:08:08 INFO  app[][o.s.a.SchedulerImpl] Process[es] is up
2023.04.13 19:08:08 INFO  app[][o.s.a.ProcessLauncherImpl] Launch process[[key='web', ipcIndex=2, logFilenamePrefix=web]] from [/opt/sonarqube]: /opt/java/openjdk/bin/java -Djava.awt.headless=true -Dfile.encoding=UTF-8 -Djava.io.tmpdir=/opt/sonarqube/temp -XX:-OmitStackTraceInFastThrow --add-opens=java.base/java.util=ALL-UNNAMED --add-opens=java.base/java.lang=ALL-UNNAMED --add-opens=java.base/java.io=ALL-UNNAMED --add-opens=java.rmi/sun.rmi.transport=ALL-UNNAMED -Xmx512m -Xms128m -XX:+HeapDumpOnOutOfMemoryError -Dhttp.nonProxyHosts=localhost|127.*|[::1] -cp ./lib/sonar-application-8.9.10.61524.jar:/opt/sonarqube/lib/jdbc/h2/h2-1.4.199.jar org.sonar.server.app.WebServer /opt/sonarqube/temp/sq-process1850771020411551912properties
2023.04.13 19:09:04 INFO  app[][o.s.a.SchedulerImpl] Process[web] is up
2023.04.13 19:09:04 INFO  app[][o.s.a.ProcessLauncherImpl] Launch process[[key='ce', ipcIndex=3, logFilenamePrefix=ce]] from [/opt/sonarqube]: /opt/java/openjdk/bin/java -Djava.awt.headless=true -Dfile.encoding=UTF-8 -Djava.io.tmpdir=/opt/sonarqube/temp -XX:-OmitStackTraceInFastThrow --add-opens=java.base/java.util=ALL-UNNAMED -Xmx512m -Xms128m -XX:+HeapDumpOnOutOfMemoryError -Dhttp.nonProxyHosts=localhost|127.*|[::1] -cp ./lib/sonar-application-8.9.10.61524.jar:/opt/sonarqube/lib/jdbc/h2/h2-1.4.199.jar org.sonar.ce.app.CeServer /opt/sonarqube/temp/sq-process7165381477070968574properties
2023.04.13 19:09:15 INFO  app[][o.s.a.SchedulerImpl] Process[ce] is up
2023.04.13 19:09:15 INFO  app[][o.s.a.SchedulerImpl] SonarQube is up
