2023.04.17 14:08:00 INFO  web[][o.s.p.ProcessEntryPoint] Gracefully stopping process
2023.04.17 14:08:00 INFO  web[][o.s.s.n.NotificationDaemon] Notification service stopped
2023.04.17 14:08:01 INFO  web[][o.s.s.p.d.EmbeddedDatabase] Embedded database stopped
2023.04.17 14:08:01 INFO  web[][o.s.s.app.WebServer] WebServer stopped
2023.04.17 14:08:39 INFO  web[][o.s.p.ProcessEntryPoint] Starting web
2023.04.17 14:08:40 INFO  web[][o.a.t.u.n.NioSelectorPool] Using a shared selector for servlet write/read
2023.04.17 14:08:41 INFO  web[][o.s.s.e.EsClientProvider] Connected to local Elasticsearch: [http://localhost:9001]
2023.04.17 14:08:42 INFO  web[][o.s.s.p.LogServerVersion] SonarQube Server / 8.9.10.61524 / b30ff33db8ea2d93551a6a3d4820452e0037d58f
2023.04.17 14:08:43 INFO  web[][o.s.s.p.d.EmbeddedDatabase] Starting embedded database on port 9092 with url jdbc:h2:tcp://127.0.0.1:9092/sonar
2023.04.17 14:08:43 INFO  web[][o.s.s.p.d.EmbeddedDatabase] Embedded database started. Data stored in: /opt/sonarqube/data
2023.04.17 14:08:43 INFO  web[][o.sonar.db.Database] Create JDBC data source for jdbc:h2:tcp://127.0.0.1:9092/sonar
2023.04.17 14:08:44 WARN  web[][o.s.db.dialect.H2] H2 database should be used for evaluation purpose only.
2023.04.17 14:08:45 INFO  web[][o.s.s.p.ServerFileSystemImpl] SonarQube home: /opt/sonarqube
2023.04.17 14:08:45 INFO  web[][o.s.s.u.SystemPasscodeImpl] System authentication by passcode is disabled
2023.04.17 14:08:46 INFO  web[][o.s.s.p.ServerPluginManager] Deploy plugin C# Code Quality and Security / 8.22.0.31243 / e3cee7838d992e31dcdd90cf4f7406bb20535e8e
2023.04.17 14:08:46 INFO  web[][o.s.s.p.ServerPluginManager] Deploy plugin CSS Code Quality and Security / 1.4.2.2002 / faa7d4f1407df67df7ada53caf677ab783721173
2023.04.17 14:08:46 INFO  web[][o.s.s.p.ServerPluginManager] Deploy plugin Flex Code Quality and Security / 2.6.1.2564 / bb723840701bda72510b7a47742811d20daad331
2023.04.17 14:08:46 INFO  web[][o.s.s.p.ServerPluginManager] Deploy plugin Go Code Quality and Security / 1.8.3.2219 / d6ad7a5a47fc4785d2e80918fb7424be46e38a7f
2023.04.17 14:08:46 INFO  web[][o.s.s.p.ServerPluginManager] Deploy plugin HTML Code Quality and Security / 3.4.0.2754 / 38f7ff864ae15152c9f1efc3014594f7e7ca7b6e
2023.04.17 14:08:46 INFO  web[][o.s.s.p.ServerPluginManager] Deploy plugin JaCoCo / 1.1.1.1157 / 83478572b9f23efac29de15e30c7758bbb0c0e47
2023.04.17 14:08:46 INFO  web[][o.s.s.p.ServerPluginManager] Deploy plugin Java Code Quality and Security / 6.15.1.26025 / 1b1e96715bfa9f6a4ae24e95cc5b91f0edce609f
2023.04.17 14:08:46 INFO  web[][o.s.s.p.ServerPluginManager] Deploy plugin JavaScript/TypeScript Code Quality and Security / 7.4.4.15624 / 481b2e69339b016b5d7d1eb27f0abf20dd6bd961
2023.04.17 14:08:46 INFO  web[][o.s.s.p.ServerPluginManager] Deploy plugin Kotlin Code Quality and Security / 1.8.3.2219 / d6ad7a5a47fc4785d2e80918fb7424be46e38a7f
2023.04.17 14:08:46 INFO  web[][o.s.s.p.ServerPluginManager] Deploy plugin PHP Code Quality and Security / 3.17.0.7439 / 44c7760147080c157fa0ff579772f92d3c8e1ebf
2023.04.17 14:08:46 INFO  web[][o.s.s.p.ServerPluginManager] Deploy plugin Python Code Quality and Security / 3.4.1.8066 / 22139ec73fb2f32044f66477ea52734415683668
2023.04.17 14:08:46 INFO  web[][o.s.s.p.ServerPluginManager] Deploy plugin Ruby Code Quality and Security / 1.8.3.2219 / d6ad7a5a47fc4785d2e80918fb7424be46e38a7f
2023.04.17 14:08:46 INFO  web[][o.s.s.p.ServerPluginManager] Deploy plugin Scala Code Quality and Security / 1.8.3.2219 / d6ad7a5a47fc4785d2e80918fb7424be46e38a7f
2023.04.17 14:08:46 INFO  web[][o.s.s.p.ServerPluginManager] Deploy plugin VB.NET Code Quality and Security / 8.22.0.31243 / e3cee7838d992e31dcdd90cf4f7406bb20535e8e
2023.04.17 14:08:46 INFO  web[][o.s.s.p.ServerPluginManager] Deploy plugin XML Code Quality and Security / 2.2.0.2973 / 16002945f0725643a7b42f090572795dd8b72a0f
2023.04.17 14:08:48 INFO  web[][o.s.s.p.w.MasterServletFilter] Initializing servlet filter org.sonar.server.platform.web.WebServiceFilter@1fee3a2d [pattern=UrlPattern{inclusions=[/api/system/migrate_db.*, ...], exclusions=[/api/components/update_key, ...]}]
2023.04.17 14:08:48 INFO  web[][o.s.s.a.EmbeddedTomcat] HTTP connector enabled on port 9000
2023.04.17 14:08:52 INFO  web[][o.s.s.p.UpdateCenterClient] Update center: https://update.sonarsource.org/update-center.properties (no proxy)
2023.04.17 14:08:54 INFO  web[][o.s.s.s.LogServerId] Server ID: BF41A1F2-AYdNiMCxZtqkmgiDlR7Q
2023.04.17 14:08:54 WARN  web[][o.s.s.a.LogOAuthWarning] For security reasons, OAuth authentication should use HTTPS. You should set the property 'Administration > Configuration > Server base URL' to a HTTPS URL.
2023.04.17 14:08:56 WARN  web[][o.s.a.s.w.WebService$Action] The response example is not set on action api/plugins/download
2023.04.17 14:08:56 WARN  web[][o.s.a.s.w.WebService$Action] The response example is not set on action api/permissions/search_templates
2023.04.17 14:08:56 WARN  web[][o.s.a.s.w.WebService$Action] The response example is not set on action api/alm_integrations/list_bitbucketserver_projects
2023.04.17 14:08:56 WARN  web[][o.s.a.s.w.WebService$Action] The response example is not set on action api/alm_integrations/check_pat
2023.04.17 14:08:56 WARN  web[][o.s.a.s.w.WebService$Action] The response example is not set on action api/alm_integrations/list_azure_projects
2023.04.17 14:08:56 WARN  web[][o.s.a.s.w.WebService$Action] The response example is not set on action api/alm_integrations/search_bitbucketserver_repos
2023.04.17 14:08:56 WARN  web[][o.s.a.s.w.WebService$Action] The response example is not set on action api/alm_integrations/search_azure_repos
2023.04.17 14:08:56 WARN  web[][o.s.a.s.w.WebService$Action] The response example is not set on action api/alm_integrations/list_github_organizations
2023.04.17 14:08:56 WARN  web[][o.s.a.s.w.WebService$Action] The response example is not set on action api/alm_integrations/list_github_repositories
2023.04.17 14:08:56 WARN  web[][o.s.a.s.w.WebService$Action] The response example is not set on action api/alm_integrations/get_github_client_id
2023.04.17 14:08:56 WARN  web[][o.s.a.s.w.WebService$Action] The response example is not set on action api/alm_settings/get_binding
2023.04.17 14:08:56 WARN  web[][o.s.a.s.w.WebService$Action] The response example is not set on action api/alm_settings/list
2023.04.17 14:08:56 WARN  web[][o.s.a.s.w.WebService$Action] The response example is not set on action api/alm_settings/list_definitions
2023.04.17 14:08:56 WARN  web[][o.s.a.s.w.WebService$Action] The response example is not set on action api/alm_settings/count_binding
2023.04.17 14:08:56 WARN  web[][o.s.a.s.w.WebService$Action] The response example is not set on action api/alm_settings/validate
2023.04.17 14:08:56 INFO  web[][o.s.s.t.TelemetryDaemon] Sharing of SonarQube statistics is enabled.
2023.04.17 14:08:56 INFO  web[][o.s.s.n.NotificationDaemon] Notification service started (delay 60 sec.)
2023.04.17 14:08:56 INFO  web[][o.s.s.a.p.ExpiredSessionsCleaner] Purge of expired session tokens has removed 0 elements
2023.04.17 14:08:56 INFO  web[][o.s.s.a.p.ExpiredSessionsCleaner] Purge of expired SAML message ids has removed 0 elements
2023.04.17 14:08:56 INFO  web[][o.s.s.s.GeneratePluginIndex] Generate scanner plugin index
2023.04.17 14:08:56 INFO  web[][o.s.s.s.RegisterPlugins] Register plugins
2023.04.17 14:08:56 INFO  web[][o.s.s.s.RegisterMetrics] Register metrics
2023.04.17 14:08:57 INFO  web[][o.s.s.r.RegisterRules] Register rules
2023.04.17 14:09:19 INFO  web[][o.s.s.q.BuiltInQProfileRepositoryImpl] Load quality profiles
2023.04.17 14:09:22 INFO  web[][o.s.s.q.RegisterQualityProfiles] Register quality profiles
2023.04.17 14:09:23 INFO  web[][o.s.s.q.RegisterQualityProfiles] Update profile css/Sonar way
2023.04.17 14:09:23 INFO  web[][o.s.s.q.RegisterQualityProfiles] Update profile scala/Sonar way
2023.04.17 14:09:23 INFO  web[][o.s.s.q.RegisterQualityProfiles] Update profile jsp/Sonar way
2023.04.17 14:09:23 INFO  web[][o.s.s.q.RegisterQualityProfiles] Update profile kotlin/Sonar way
2023.04.17 14:09:23 INFO  web[][o.s.s.q.RegisterQualityProfiles] Update profile go/Sonar way
2023.04.17 14:09:23 INFO  web[][o.s.s.q.RegisterQualityProfiles] Update profile js/Sonar way
2023.04.17 14:09:24 INFO  web[][o.s.s.q.RegisterQualityProfiles] Update profile py/Sonar way
2023.04.17 14:09:24 INFO  web[][o.s.s.q.RegisterQualityProfiles] Update profile ruby/Sonar way
2023.04.17 14:09:24 INFO  web[][o.s.s.q.RegisterQualityProfiles] Update profile cs/Sonar way
2023.04.17 14:09:24 INFO  web[][o.s.s.q.RegisterQualityProfiles] Update profile java/Sonar way
2023.04.17 14:09:25 INFO  web[][o.s.s.q.RegisterQualityProfiles] Update profile web/Sonar way
2023.04.17 14:09:25 INFO  web[][o.s.s.q.RegisterQualityProfiles] Update profile flex/Sonar way
2023.04.17 14:09:25 INFO  web[][o.s.s.q.RegisterQualityProfiles] Update profile xml/Sonar way
2023.04.17 14:09:25 INFO  web[][o.s.s.q.RegisterQualityProfiles] Update profile php/Sonar way
2023.04.17 14:09:26 INFO  web[][o.s.s.q.RegisterQualityProfiles] Update profile php/PSR-2
2023.04.17 14:09:26 INFO  web[][o.s.s.q.RegisterQualityProfiles] Update profile php/Drupal
2023.04.17 14:09:26 INFO  web[][o.s.s.q.RegisterQualityProfiles] Update profile vbnet/Sonar way
2023.04.17 14:09:26 INFO  web[][o.s.s.q.RegisterQualityProfiles] Update profile ts/Sonar way
2023.04.17 14:09:27 INFO  web[][o.s.s.s.RegisterPermissionTemplates] Register permission templates
2023.04.17 14:09:27 INFO  web[][o.s.s.s.RenameDeprecatedPropertyKeys] Rename deprecated property keys
2023.04.17 14:09:27 INFO  web[][o.s.s.p.w.MasterServletFilter] Initializing servlet filter org.sonar.server.platform.web.SonarLintConnectionFilter@314270d3 [pattern=UrlPattern{inclusions=[/api/*], exclusions=[]}]
2023.04.17 14:09:27 INFO  web[][o.s.s.p.w.MasterServletFilter] Initializing servlet filter org.sonar.server.platform.web.WebServiceFilter@12959bc7 [pattern=UrlPattern{inclusions=[/api/issues/delete_comment.*, ...], exclusions=[/api/authentication/login.*, ...]}]
2023.04.17 14:09:27 INFO  web[][o.s.s.p.w.MasterServletFilter] Initializing servlet filter org.sonar.server.platform.web.WebServiceReroutingFilter@54ec5d67 [pattern=UrlPattern{inclusions=[/api/components/bulk_update_key, ...], exclusions=[]}]
2023.04.17 14:09:27 INFO  web[][o.s.s.p.w.MasterServletFilter] Initializing servlet filter org.sonar.server.plugins.PluginsRiskConsentFilter@1eb82197 [pattern=UrlPattern{inclusions=[/*], exclusions=[*.css, ...]}]
2023.04.17 14:09:27 INFO  web[][o.s.s.p.w.MasterServletFilter] Initializing servlet filter org.sonar.server.authentication.DefaultAdminCredentialsVerifierFilter@44b48b46 [pattern=UrlPattern{inclusions=[/*], exclusions=[*.css, ...]}]
2023.04.17 14:09:27 INFO  web[][o.s.s.p.w.MasterServletFilter] Initializing servlet filter org.sonar.server.authentication.InitFilter@37e5bb1f [pattern=UrlPattern{inclusions=[/sessions/init/*], exclusions=[]}]
2023.04.17 14:09:27 INFO  web[][o.s.s.p.w.MasterServletFilter] Initializing servlet filter org.sonar.server.authentication.OAuth2CallbackFilter@7b2df4e [pattern=UrlPattern{inclusions=[/oauth2/callback/*], exclusions=[]}]
2023.04.17 14:09:27 INFO  web[][o.s.s.p.w.MasterServletFilter] Initializing servlet filter org.sonar.server.authentication.ResetPasswordFilter@1226f98b [pattern=UrlPattern{inclusions=[/*], exclusions=[*.css, ...]}]
2023.04.17 14:09:27 INFO  web[][o.s.s.p.w.MasterServletFilter] Initializing servlet filter org.sonar.server.authentication.ws.LoginAction@24dbf26e [pattern=UrlPattern{inclusions=[/api/authentication/login], exclusions=[]}]
2023.04.17 14:09:27 INFO  web[][o.s.s.p.w.MasterServletFilter] Initializing servlet filter org.sonar.server.authentication.ws.LogoutAction@239226a8 [pattern=UrlPattern{inclusions=[/api/authentication/logout], exclusions=[]}]
2023.04.17 14:09:27 INFO  web[][o.s.s.p.w.MasterServletFilter] Initializing servlet filter org.sonar.server.authentication.ws.ValidateAction@1ec609bc [pattern=UrlPattern{inclusions=[/api/authentication/validate], exclusions=[]}]
2023.04.17 14:09:27 INFO  web[][o.s.s.p.w.MasterServletFilter] Initializing servlet filter org.sonar.server.user.ws.ChangePasswordAction@4109c7a5 [pattern=UrlPattern{inclusions=[/api/users/change_password], exclusions=[]}]
2023.04.17 14:09:28 INFO  web[][o.s.s.q.ProjectsInWarningDaemon] Counting number of projects in warning is not started as there are no projects in this situation.
2023.04.17 14:09:28 INFO  web[][o.s.s.p.p.PlatformLevelStartup] Running Community Edition
2023.04.17 14:09:28 INFO  web[][o.s.s.p.Platform] WebServer is operational
2023.04.17 14:15:12 INFO  web[][o.s.p.ProcessEntryPoint] Gracefully stopping process
2023.04.17 14:15:12 INFO  web[][o.s.s.n.NotificationDaemon] Notification service stopped
2023.04.17 14:15:12 INFO  web[][o.s.s.p.d.EmbeddedDatabase] Embedded database stopped
2023.04.17 14:15:12 INFO  web[][o.s.s.app.WebServer] WebServer stopped
2023.04.17 14:15:24 INFO  web[][o.s.p.ProcessEntryPoint] Starting web
2023.04.17 14:15:25 INFO  web[][o.a.t.u.n.NioSelectorPool] Using a shared selector for servlet write/read
2023.04.17 14:15:25 INFO  web[][o.s.s.e.EsClientProvider] Connected to local Elasticsearch: [http://localhost:9001]
2023.04.17 14:15:26 INFO  web[][o.s.s.p.LogServerVersion] SonarQube Server / 8.9.10.61524 / b30ff33db8ea2d93551a6a3d4820452e0037d58f
2023.04.17 14:15:26 INFO  web[][o.s.s.p.d.EmbeddedDatabase] Starting embedded database on port 9092 with url jdbc:h2:tcp://127.0.0.1:9092/sonar
2023.04.17 14:15:26 INFO  web[][o.s.s.p.d.EmbeddedDatabase] Embedded database started. Data stored in: /opt/sonarqube/data
2023.04.17 14:15:26 INFO  web[][o.sonar.db.Database] Create JDBC data source for jdbc:h2:tcp://127.0.0.1:9092/sonar
2023.04.17 14:15:26 WARN  web[][o.s.db.dialect.H2] H2 database should be used for evaluation purpose only.
2023.04.17 14:15:27 INFO  web[][o.s.s.p.ServerFileSystemImpl] SonarQube home: /opt/sonarqube
2023.04.17 14:15:27 INFO  web[][o.s.s.u.SystemPasscodeImpl] System authentication by passcode is disabled
2023.04.17 14:15:27 INFO  web[][o.s.s.p.ServerPluginManager] Deploy plugin C# Code Quality and Security / 8.22.0.31243 / e3cee7838d992e31dcdd90cf4f7406bb20535e8e
2023.04.17 14:15:27 INFO  web[][o.s.s.p.ServerPluginManager] Deploy plugin CSS Code Quality and Security / 1.4.2.2002 / faa7d4f1407df67df7ada53caf677ab783721173
2023.04.17 14:15:27 INFO  web[][o.s.s.p.ServerPluginManager] Deploy plugin Flex Code Quality and Security / 2.6.1.2564 / bb723840701bda72510b7a47742811d20daad331
2023.04.17 14:15:27 INFO  web[][o.s.s.p.ServerPluginManager] Deploy plugin Go Code Quality and Security / 1.8.3.2219 / d6ad7a5a47fc4785d2e80918fb7424be46e38a7f
2023.04.17 14:15:27 INFO  web[][o.s.s.p.ServerPluginManager] Deploy plugin HTML Code Quality and Security / 3.4.0.2754 / 38f7ff864ae15152c9f1efc3014594f7e7ca7b6e
2023.04.17 14:15:27 INFO  web[][o.s.s.p.ServerPluginManager] Deploy plugin JaCoCo / 1.1.1.1157 / 83478572b9f23efac29de15e30c7758bbb0c0e47
2023.04.17 14:15:27 INFO  web[][o.s.s.p.ServerPluginManager] Deploy plugin Java Code Quality and Security / 6.15.1.26025 / 1b1e96715bfa9f6a4ae24e95cc5b91f0edce609f
2023.04.17 14:15:27 INFO  web[][o.s.s.p.ServerPluginManager] Deploy plugin JavaScript/TypeScript Code Quality and Security / 7.4.4.15624 / 481b2e69339b016b5d7d1eb27f0abf20dd6bd961
2023.04.17 14:15:27 INFO  web[][o.s.s.p.ServerPluginManager] Deploy plugin Kotlin Code Quality and Security / 1.8.3.2219 / d6ad7a5a47fc4785d2e80918fb7424be46e38a7f
2023.04.17 14:15:27 INFO  web[][o.s.s.p.ServerPluginManager] Deploy plugin PHP Code Quality and Security / 3.17.0.7439 / 44c7760147080c157fa0ff579772f92d3c8e1ebf
2023.04.17 14:15:27 INFO  web[][o.s.s.p.ServerPluginManager] Deploy plugin Python Code Quality and Security / 3.4.1.8066 / 22139ec73fb2f32044f66477ea52734415683668
2023.04.17 14:15:27 INFO  web[][o.s.s.p.ServerPluginManager] Deploy plugin Ruby Code Quality and Security / 1.8.3.2219 / d6ad7a5a47fc4785d2e80918fb7424be46e38a7f
2023.04.17 14:15:27 INFO  web[][o.s.s.p.ServerPluginManager] Deploy plugin Scala Code Quality and Security / 1.8.3.2219 / d6ad7a5a47fc4785d2e80918fb7424be46e38a7f
2023.04.17 14:15:27 INFO  web[][o.s.s.p.ServerPluginManager] Deploy plugin VB.NET Code Quality and Security / 8.22.0.31243 / e3cee7838d992e31dcdd90cf4f7406bb20535e8e
2023.04.17 14:15:27 INFO  web[][o.s.s.p.ServerPluginManager] Deploy plugin XML Code Quality and Security / 2.2.0.2973 / 16002945f0725643a7b42f090572795dd8b72a0f
2023.04.17 14:15:28 INFO  web[][o.s.s.p.w.MasterServletFilter] Initializing servlet filter org.sonar.server.platform.web.WebServiceFilter@15300aec [pattern=UrlPattern{inclusions=[/api/system/migrate_db.*, ...], exclusions=[/api/components/update_key, ...]}]
2023.04.17 14:15:28 INFO  web[][o.s.s.a.EmbeddedTomcat] HTTP connector enabled on port 9000
2023.04.17 14:15:29 INFO  web[][o.s.s.p.UpdateCenterClient] Update center: https://update.sonarsource.org/update-center.properties (no proxy)
2023.04.17 14:15:30 INFO  web[][o.s.s.s.LogServerId] Server ID: BF41A1F2-AYdNiMCxZtqkmgiDlR7Q
2023.04.17 14:15:30 WARN  web[][o.s.s.a.LogOAuthWarning] For security reasons, OAuth authentication should use HTTPS. You should set the property 'Administration > Configuration > Server base URL' to a HTTPS URL.
2023.04.17 14:15:31 WARN  web[][o.s.a.s.w.WebService$Action] The response example is not set on action api/plugins/download
2023.04.17 14:15:31 WARN  web[][o.s.a.s.w.WebService$Action] The response example is not set on action api/permissions/search_templates
2023.04.17 14:15:31 WARN  web[][o.s.a.s.w.WebService$Action] The response example is not set on action api/alm_integrations/list_bitbucketserver_projects
2023.04.17 14:15:31 WARN  web[][o.s.a.s.w.WebService$Action] The response example is not set on action api/alm_integrations/check_pat
2023.04.17 14:15:31 WARN  web[][o.s.a.s.w.WebService$Action] The response example is not set on action api/alm_integrations/list_azure_projects
2023.04.17 14:15:31 WARN  web[][o.s.a.s.w.WebService$Action] The response example is not set on action api/alm_integrations/search_bitbucketserver_repos
2023.04.17 14:15:31 WARN  web[][o.s.a.s.w.WebService$Action] The response example is not set on action api/alm_integrations/search_azure_repos
2023.04.17 14:15:31 WARN  web[][o.s.a.s.w.WebService$Action] The response example is not set on action api/alm_integrations/list_github_organizations
2023.04.17 14:15:31 WARN  web[][o.s.a.s.w.WebService$Action] The response example is not set on action api/alm_integrations/list_github_repositories
2023.04.17 14:15:31 WARN  web[][o.s.a.s.w.WebService$Action] The response example is not set on action api/alm_integrations/get_github_client_id
2023.04.17 14:15:31 WARN  web[][o.s.a.s.w.WebService$Action] The response example is not set on action api/alm_settings/get_binding
2023.04.17 14:15:31 WARN  web[][o.s.a.s.w.WebService$Action] The response example is not set on action api/alm_settings/list
2023.04.17 14:15:31 WARN  web[][o.s.a.s.w.WebService$Action] The response example is not set on action api/alm_settings/list_definitions
2023.04.17 14:15:31 WARN  web[][o.s.a.s.w.WebService$Action] The response example is not set on action api/alm_settings/count_binding
2023.04.17 14:15:31 WARN  web[][o.s.a.s.w.WebService$Action] The response example is not set on action api/alm_settings/validate
2023.04.17 14:15:31 INFO  web[][o.s.s.t.TelemetryDaemon] Sharing of SonarQube statistics is enabled.
2023.04.17 14:15:31 INFO  web[][o.s.s.a.p.ExpiredSessionsCleaner] Purge of expired session tokens has removed 0 elements
2023.04.17 14:15:31 INFO  web[][o.s.s.a.p.ExpiredSessionsCleaner] Purge of expired SAML message ids has removed 0 elements
2023.04.17 14:15:31 INFO  web[][o.s.s.n.NotificationDaemon] Notification service started (delay 60 sec.)
2023.04.17 14:15:31 INFO  web[][o.s.s.s.GeneratePluginIndex] Generate scanner plugin index
2023.04.17 14:15:31 INFO  web[][o.s.s.s.RegisterPlugins] Register plugins
2023.04.17 14:15:31 INFO  web[][o.s.s.s.RegisterMetrics] Register metrics
2023.04.17 14:15:31 INFO  web[][o.s.s.r.RegisterRules] Register rules
2023.04.17 14:15:35 INFO  web[][o.s.s.q.BuiltInQProfileRepositoryImpl] Load quality profiles
2023.04.17 14:15:36 INFO  web[][o.s.s.q.RegisterQualityProfiles] Register quality profiles
2023.04.17 14:15:36 INFO  web[][o.s.s.q.RegisterQualityProfiles] Update profile css/Sonar way
2023.04.17 14:15:36 INFO  web[][o.s.s.q.RegisterQualityProfiles] Update profile scala/Sonar way
2023.04.17 14:15:36 INFO  web[][o.s.s.q.RegisterQualityProfiles] Update profile jsp/Sonar way
2023.04.17 14:15:36 INFO  web[][o.s.s.q.RegisterQualityProfiles] Update profile kotlin/Sonar way
2023.04.17 14:15:36 INFO  web[][o.s.s.q.RegisterQualityProfiles] Update profile go/Sonar way
2023.04.17 14:15:36 INFO  web[][o.s.s.q.RegisterQualityProfiles] Update profile js/Sonar way
2023.04.17 14:15:36 INFO  web[][o.s.s.q.RegisterQualityProfiles] Update profile py/Sonar way
2023.04.17 14:15:36 INFO  web[][o.s.s.q.RegisterQualityProfiles] Update profile ruby/Sonar way
2023.04.17 14:15:36 INFO  web[][o.s.s.q.RegisterQualityProfiles] Update profile cs/Sonar way
2023.04.17 14:15:36 INFO  web[][o.s.s.q.RegisterQualityProfiles] Update profile java/Sonar way
2023.04.17 14:15:36 INFO  web[][o.s.s.q.RegisterQualityProfiles] Update profile web/Sonar way
2023.04.17 14:15:36 INFO  web[][o.s.s.q.RegisterQualityProfiles] Update profile flex/Sonar way
2023.04.17 14:15:36 INFO  web[][o.s.s.q.RegisterQualityProfiles] Update profile xml/Sonar way
2023.04.17 14:15:36 INFO  web[][o.s.s.q.RegisterQualityProfiles] Update profile php/Sonar way
2023.04.17 14:15:36 INFO  web[][o.s.s.q.RegisterQualityProfiles] Update profile php/PSR-2
2023.04.17 14:15:36 INFO  web[][o.s.s.q.RegisterQualityProfiles] Update profile php/Drupal
2023.04.17 14:15:36 INFO  web[][o.s.s.q.RegisterQualityProfiles] Update profile vbnet/Sonar way
2023.04.17 14:15:37 INFO  web[][o.s.s.q.RegisterQualityProfiles] Update profile ts/Sonar way
2023.04.17 14:15:37 INFO  web[][o.s.s.s.RegisterPermissionTemplates] Register permission templates
2023.04.17 14:15:37 INFO  web[][o.s.s.s.RenameDeprecatedPropertyKeys] Rename deprecated property keys
2023.04.17 14:15:37 INFO  web[][o.s.s.p.w.MasterServletFilter] Initializing servlet filter org.sonar.server.platform.web.SonarLintConnectionFilter@7bf3f24a [pattern=UrlPattern{inclusions=[/api/*], exclusions=[]}]
2023.04.17 14:15:37 INFO  web[][o.s.s.p.w.MasterServletFilter] Initializing servlet filter org.sonar.server.platform.web.WebServiceFilter@53356b [pattern=UrlPattern{inclusions=[/api/issues/delete_comment.*, ...], exclusions=[/api/authentication/login.*, ...]}]
2023.04.17 14:15:37 INFO  web[][o.s.s.p.w.MasterServletFilter] Initializing servlet filter org.sonar.server.platform.web.WebServiceReroutingFilter@13b74ec7 [pattern=UrlPattern{inclusions=[/api/components/bulk_update_key, ...], exclusions=[]}]
2023.04.17 14:15:37 INFO  web[][o.s.s.p.w.MasterServletFilter] Initializing servlet filter org.sonar.server.plugins.PluginsRiskConsentFilter@772e8937 [pattern=UrlPattern{inclusions=[/*], exclusions=[*.css, ...]}]
2023.04.17 14:15:37 INFO  web[][o.s.s.p.w.MasterServletFilter] Initializing servlet filter org.sonar.server.authentication.DefaultAdminCredentialsVerifierFilter@4b07a7d4 [pattern=UrlPattern{inclusions=[/*], exclusions=[*.css, ...]}]
2023.04.17 14:15:37 INFO  web[][o.s.s.p.w.MasterServletFilter] Initializing servlet filter org.sonar.server.authentication.InitFilter@3868169b [pattern=UrlPattern{inclusions=[/sessions/init/*], exclusions=[]}]
2023.04.17 14:15:37 INFO  web[][o.s.s.p.w.MasterServletFilter] Initializing servlet filter org.sonar.server.authentication.OAuth2CallbackFilter@6b2760db [pattern=UrlPattern{inclusions=[/oauth2/callback/*], exclusions=[]}]
2023.04.17 14:15:37 INFO  web[][o.s.s.p.w.MasterServletFilter] Initializing servlet filter org.sonar.server.authentication.ResetPasswordFilter@5847f17b [pattern=UrlPattern{inclusions=[/*], exclusions=[*.css, ...]}]
2023.04.17 14:15:37 INFO  web[][o.s.s.p.w.MasterServletFilter] Initializing servlet filter org.sonar.server.authentication.ws.LoginAction@78ed6fc4 [pattern=UrlPattern{inclusions=[/api/authentication/login], exclusions=[]}]
2023.04.17 14:15:37 INFO  web[][o.s.s.p.w.MasterServletFilter] Initializing servlet filter org.sonar.server.authentication.ws.LogoutAction@703fc446 [pattern=UrlPattern{inclusions=[/api/authentication/logout], exclusions=[]}]
2023.04.17 14:15:37 INFO  web[][o.s.s.p.w.MasterServletFilter] Initializing servlet filter org.sonar.server.authentication.ws.ValidateAction@19e6f4ab [pattern=UrlPattern{inclusions=[/api/authentication/validate], exclusions=[]}]
2023.04.17 14:15:37 INFO  web[][o.s.s.p.w.MasterServletFilter] Initializing servlet filter org.sonar.server.user.ws.ChangePasswordAction@21c813bb [pattern=UrlPattern{inclusions=[/api/users/change_password], exclusions=[]}]
2023.04.17 14:15:37 INFO  web[][o.s.s.q.ProjectsInWarningDaemon] Counting number of projects in warning is not started as there are no projects in this situation.
2023.04.17 14:15:37 INFO  web[][o.s.s.p.p.PlatformLevelStartup] Running Community Edition
2023.04.17 14:15:37 INFO  web[][o.s.s.p.Platform] WebServer is operational
2023.04.17 14:17:27 INFO  web[][o.s.p.ProcessEntryPoint] Gracefully stopping process
2023.04.17 14:17:27 INFO  web[][o.s.s.n.NotificationDaemon] Notification service stopped
2023.04.17 14:17:28 INFO  web[][o.s.s.p.d.EmbeddedDatabase] Embedded database stopped
2023.04.17 14:17:28 INFO  web[][o.s.s.app.WebServer] WebServer stopped
2023.04.17 14:18:19 INFO  web[][o.s.p.ProcessEntryPoint] Starting web
2023.04.17 14:18:20 INFO  web[][o.a.t.u.n.NioSelectorPool] Using a shared selector for servlet write/read
2023.04.17 14:18:20 INFO  web[][o.s.s.e.EsClientProvider] Connected to local Elasticsearch: [http://localhost:9001]
2023.04.17 14:18:21 INFO  web[][o.s.s.p.LogServerVersion] SonarQube Server / 8.9.10.61524 / b30ff33db8ea2d93551a6a3d4820452e0037d58f
2023.04.17 14:18:21 INFO  web[][o.s.s.p.d.EmbeddedDatabase] Starting embedded database on port 9092 with url jdbc:h2:tcp://127.0.0.1:9092/sonar
2023.04.17 14:18:21 INFO  web[][o.s.s.p.d.EmbeddedDatabase] Embedded database started. Data stored in: /opt/sonarqube/data
2023.04.17 14:18:21 INFO  web[][o.sonar.db.Database] Create JDBC data source for jdbc:h2:tcp://127.0.0.1:9092/sonar
2023.04.17 14:18:21 WARN  web[][o.s.db.dialect.H2] H2 database should be used for evaluation purpose only.
2023.04.17 14:18:22 INFO  web[][o.s.s.p.ServerFileSystemImpl] SonarQube home: /opt/sonarqube
2023.04.17 14:18:22 INFO  web[][o.s.s.u.SystemPasscodeImpl] System authentication by passcode is disabled
2023.04.17 14:18:22 INFO  web[][o.s.s.p.ServerPluginManager] Deploy plugin C# Code Quality and Security / 8.22.0.31243 / e3cee7838d992e31dcdd90cf4f7406bb20535e8e
2023.04.17 14:18:22 INFO  web[][o.s.s.p.ServerPluginManager] Deploy plugin CSS Code Quality and Security / 1.4.2.2002 / faa7d4f1407df67df7ada53caf677ab783721173
2023.04.17 14:18:22 INFO  web[][o.s.s.p.ServerPluginManager] Deploy plugin Flex Code Quality and Security / 2.6.1.2564 / bb723840701bda72510b7a47742811d20daad331
2023.04.17 14:18:22 INFO  web[][o.s.s.p.ServerPluginManager] Deploy plugin Go Code Quality and Security / 1.8.3.2219 / d6ad7a5a47fc4785d2e80918fb7424be46e38a7f
2023.04.17 14:18:22 INFO  web[][o.s.s.p.ServerPluginManager] Deploy plugin HTML Code Quality and Security / 3.4.0.2754 / 38f7ff864ae15152c9f1efc3014594f7e7ca7b6e
2023.04.17 14:18:22 INFO  web[][o.s.s.p.ServerPluginManager] Deploy plugin JaCoCo / 1.1.1.1157 / 83478572b9f23efac29de15e30c7758bbb0c0e47
2023.04.17 14:18:22 INFO  web[][o.s.s.p.ServerPluginManager] Deploy plugin Java Code Quality and Security / 6.15.1.26025 / 1b1e96715bfa9f6a4ae24e95cc5b91f0edce609f
2023.04.17 14:18:22 INFO  web[][o.s.s.p.ServerPluginManager] Deploy plugin JavaScript/TypeScript Code Quality and Security / 7.4.4.15624 / 481b2e69339b016b5d7d1eb27f0abf20dd6bd961
2023.04.17 14:18:22 INFO  web[][o.s.s.p.ServerPluginManager] Deploy plugin Kotlin Code Quality and Security / 1.8.3.2219 / d6ad7a5a47fc4785d2e80918fb7424be46e38a7f
2023.04.17 14:18:22 INFO  web[][o.s.s.p.ServerPluginManager] Deploy plugin PHP Code Quality and Security / 3.17.0.7439 / 44c7760147080c157fa0ff579772f92d3c8e1ebf
2023.04.17 14:18:22 INFO  web[][o.s.s.p.ServerPluginManager] Deploy plugin Python Code Quality and Security / 3.4.1.8066 / 22139ec73fb2f32044f66477ea52734415683668
2023.04.17 14:18:22 INFO  web[][o.s.s.p.ServerPluginManager] Deploy plugin Ruby Code Quality and Security / 1.8.3.2219 / d6ad7a5a47fc4785d2e80918fb7424be46e38a7f
2023.04.17 14:18:22 INFO  web[][o.s.s.p.ServerPluginManager] Deploy plugin Scala Code Quality and Security / 1.8.3.2219 / d6ad7a5a47fc4785d2e80918fb7424be46e38a7f
2023.04.17 14:18:22 INFO  web[][o.s.s.p.ServerPluginManager] Deploy plugin VB.NET Code Quality and Security / 8.22.0.31243 / e3cee7838d992e31dcdd90cf4f7406bb20535e8e
2023.04.17 14:18:22 INFO  web[][o.s.s.p.ServerPluginManager] Deploy plugin XML Code Quality and Security / 2.2.0.2973 / 16002945f0725643a7b42f090572795dd8b72a0f
2023.04.17 14:18:23 INFO  web[][o.s.s.p.w.MasterServletFilter] Initializing servlet filter org.sonar.server.platform.web.WebServiceFilter@649c47dd [pattern=UrlPattern{inclusions=[/api/system/migrate_db.*, ...], exclusions=[/api/components/update_key, ...]}]
2023.04.17 14:18:23 INFO  web[][o.s.s.a.EmbeddedTomcat] HTTP connector enabled on port 9000
2023.04.17 14:18:24 INFO  web[][o.s.s.p.UpdateCenterClient] Update center: https://update.sonarsource.org/update-center.properties (no proxy)
2023.04.17 14:18:25 INFO  web[][o.s.s.s.LogServerId] Server ID: BF41A1F2-AYdNiMCxZtqkmgiDlR7Q
2023.04.17 14:18:25 WARN  web[][o.s.s.a.LogOAuthWarning] For security reasons, OAuth authentication should use HTTPS. You should set the property 'Administration > Configuration > Server base URL' to a HTTPS URL.
2023.04.17 14:18:26 WARN  web[][o.s.a.s.w.WebService$Action] The response example is not set on action api/plugins/download
2023.04.17 14:18:26 WARN  web[][o.s.a.s.w.WebService$Action] The response example is not set on action api/permissions/search_templates
2023.04.17 14:18:26 WARN  web[][o.s.a.s.w.WebService$Action] The response example is not set on action api/alm_integrations/list_bitbucketserver_projects
2023.04.17 14:18:26 WARN  web[][o.s.a.s.w.WebService$Action] The response example is not set on action api/alm_integrations/check_pat
2023.04.17 14:18:26 WARN  web[][o.s.a.s.w.WebService$Action] The response example is not set on action api/alm_integrations/list_azure_projects
2023.04.17 14:18:26 WARN  web[][o.s.a.s.w.WebService$Action] The response example is not set on action api/alm_integrations/search_bitbucketserver_repos
2023.04.17 14:18:26 WARN  web[][o.s.a.s.w.WebService$Action] The response example is not set on action api/alm_integrations/search_azure_repos
2023.04.17 14:18:26 WARN  web[][o.s.a.s.w.WebService$Action] The response example is not set on action api/alm_integrations/list_github_organizations
2023.04.17 14:18:26 WARN  web[][o.s.a.s.w.WebService$Action] The response example is not set on action api/alm_integrations/list_github_repositories
2023.04.17 14:18:26 WARN  web[][o.s.a.s.w.WebService$Action] The response example is not set on action api/alm_integrations/get_github_client_id
2023.04.17 14:18:26 WARN  web[][o.s.a.s.w.WebService$Action] The response example is not set on action api/alm_settings/get_binding
2023.04.17 14:18:26 WARN  web[][o.s.a.s.w.WebService$Action] The response example is not set on action api/alm_settings/list
2023.04.17 14:18:26 WARN  web[][o.s.a.s.w.WebService$Action] The response example is not set on action api/alm_settings/list_definitions
2023.04.17 14:18:26 WARN  web[][o.s.a.s.w.WebService$Action] The response example is not set on action api/alm_settings/count_binding
2023.04.17 14:18:26 WARN  web[][o.s.a.s.w.WebService$Action] The response example is not set on action api/alm_settings/validate
2023.04.17 14:18:26 INFO  web[][o.s.s.t.TelemetryDaemon] Sharing of SonarQube statistics is enabled.
2023.04.17 14:18:26 INFO  web[][o.s.s.n.NotificationDaemon] Notification service started (delay 60 sec.)
2023.04.17 14:18:26 INFO  web[][o.s.s.s.GeneratePluginIndex] Generate scanner plugin index
2023.04.17 14:18:26 INFO  web[][o.s.s.s.RegisterPlugins] Register plugins
2023.04.17 14:18:27 INFO  web[][o.s.s.s.RegisterMetrics] Register metrics
2023.04.17 14:18:27 INFO  web[][o.s.s.r.RegisterRules] Register rules
2023.04.17 14:18:40 INFO  web[][o.s.s.q.BuiltInQProfileRepositoryImpl] Load quality profiles
2023.04.17 14:18:42 INFO  web[][o.s.s.q.RegisterQualityProfiles] Register quality profiles
2023.04.17 14:18:42 INFO  web[][o.s.s.q.RegisterQualityProfiles] Update profile css/Sonar way
2023.04.17 14:18:43 INFO  web[][o.s.s.q.RegisterQualityProfiles] Update profile scala/Sonar way
2023.04.17 14:18:43 INFO  web[][o.s.s.q.RegisterQualityProfiles] Update profile jsp/Sonar way
2023.04.17 14:18:43 INFO  web[][o.s.s.q.RegisterQualityProfiles] Update profile kotlin/Sonar way
2023.04.17 14:18:43 INFO  web[][o.s.s.q.RegisterQualityProfiles] Update profile go/Sonar way
2023.04.17 14:18:43 INFO  web[][o.s.s.q.RegisterQualityProfiles] Update profile js/Sonar way
2023.04.17 14:18:43 INFO  web[][o.s.s.q.RegisterQualityProfiles] Update profile py/Sonar way
2023.04.17 14:18:43 INFO  web[][o.s.s.q.RegisterQualityProfiles] Update profile ruby/Sonar way
2023.04.17 14:18:43 INFO  web[][o.s.s.q.RegisterQualityProfiles] Update profile cs/Sonar way
2023.04.17 14:18:43 INFO  web[][o.s.s.q.RegisterQualityProfiles] Update profile java/Sonar way
2023.04.17 14:18:44 INFO  web[][o.s.s.q.RegisterQualityProfiles] Update profile web/Sonar way
2023.04.17 14:18:44 INFO  web[][o.s.s.q.RegisterQualityProfiles] Update profile flex/Sonar way
2023.04.17 14:18:44 INFO  web[][o.s.s.q.RegisterQualityProfiles] Update profile xml/Sonar way
2023.04.17 14:18:44 INFO  web[][o.s.s.q.RegisterQualityProfiles] Update profile php/Sonar way
2023.04.17 14:18:44 INFO  web[][o.s.s.q.RegisterQualityProfiles] Update profile php/PSR-2
2023.04.17 14:18:44 INFO  web[][o.s.s.q.RegisterQualityProfiles] Update profile php/Drupal
2023.04.17 14:18:44 INFO  web[][o.s.s.q.RegisterQualityProfiles] Update profile vbnet/Sonar way
2023.04.17 14:18:44 INFO  web[][o.s.s.q.RegisterQualityProfiles] Update profile ts/Sonar way
2023.04.17 14:18:44 INFO  web[][o.s.s.s.RegisterPermissionTemplates] Register permission templates
2023.04.17 14:18:44 INFO  web[][o.s.s.s.RenameDeprecatedPropertyKeys] Rename deprecated property keys
2023.04.17 14:18:44 INFO  web[][o.s.s.p.w.MasterServletFilter] Initializing servlet filter org.sonar.server.platform.web.SonarLintConnectionFilter@447635dc [pattern=UrlPattern{inclusions=[/api/*], exclusions=[]}]
2023.04.17 14:18:44 INFO  web[][o.s.s.p.w.MasterServletFilter] Initializing servlet filter org.sonar.server.platform.web.WebServiceFilter@5508001 [pattern=UrlPattern{inclusions=[/api/issues/delete_comment.*, ...], exclusions=[/api/authentication/login.*, ...]}]
2023.04.17 14:18:44 INFO  web[][o.s.s.p.w.MasterServletFilter] Initializing servlet filter org.sonar.server.platform.web.WebServiceReroutingFilter@6879531a [pattern=UrlPattern{inclusions=[/api/components/bulk_update_key, ...], exclusions=[]}]
2023.04.17 14:18:44 INFO  web[][o.s.s.p.w.MasterServletFilter] Initializing servlet filter org.sonar.server.plugins.PluginsRiskConsentFilter@7c339362 [pattern=UrlPattern{inclusions=[/*], exclusions=[*.css, ...]}]
2023.04.17 14:18:44 INFO  web[][o.s.s.p.w.MasterServletFilter] Initializing servlet filter org.sonar.server.authentication.DefaultAdminCredentialsVerifierFilter@4a94d1d0 [pattern=UrlPattern{inclusions=[/*], exclusions=[*.css, ...]}]
2023.04.17 14:18:44 INFO  web[][o.s.s.p.w.MasterServletFilter] Initializing servlet filter org.sonar.server.authentication.InitFilter@7aba9f06 [pattern=UrlPattern{inclusions=[/sessions/init/*], exclusions=[]}]
2023.04.17 14:18:44 INFO  web[][o.s.s.p.w.MasterServletFilter] Initializing servlet filter org.sonar.server.authentication.OAuth2CallbackFilter@3b9aa4be [pattern=UrlPattern{inclusions=[/oauth2/callback/*], exclusions=[]}]
2023.04.17 14:18:44 INFO  web[][o.s.s.p.w.MasterServletFilter] Initializing servlet filter org.sonar.server.authentication.ResetPasswordFilter@274e3822 [pattern=UrlPattern{inclusions=[/*], exclusions=[*.css, ...]}]
2023.04.17 14:18:44 INFO  web[][o.s.s.p.w.MasterServletFilter] Initializing servlet filter org.sonar.server.authentication.ws.LoginAction@51cd8a87 [pattern=UrlPattern{inclusions=[/api/authentication/login], exclusions=[]}]
2023.04.17 14:18:44 INFO  web[][o.s.s.p.w.MasterServletFilter] Initializing servlet filter org.sonar.server.authentication.ws.LogoutAction@f837c53 [pattern=UrlPattern{inclusions=[/api/authentication/logout], exclusions=[]}]
2023.04.17 14:18:44 INFO  web[][o.s.s.p.w.MasterServletFilter] Initializing servlet filter org.sonar.server.authentication.ws.ValidateAction@62c420cd [pattern=UrlPattern{inclusions=[/api/authentication/validate], exclusions=[]}]
2023.04.17 14:18:44 INFO  web[][o.s.s.p.w.MasterServletFilter] Initializing servlet filter org.sonar.server.user.ws.ChangePasswordAction@7967ad32 [pattern=UrlPattern{inclusions=[/api/users/change_password], exclusions=[]}]
2023.04.17 14:18:44 INFO  web[][o.s.s.q.ProjectsInWarningDaemon] Counting number of projects in warning is not started as there are no projects in this situation.
2023.04.17 14:18:44 INFO  web[][o.s.s.p.p.PlatformLevelStartup] Running Community Edition
2023.04.17 14:18:44 INFO  web[][o.s.s.p.Platform] WebServer is operational
2023.04.17 14:26:25 INFO  web[][o.s.p.ProcessEntryPoint] Gracefully stopping process
2023.04.17 14:26:25 INFO  web[][o.s.s.n.NotificationDaemon] Notification service stopped
2023.04.17 14:26:26 INFO  web[][o.s.s.p.d.EmbeddedDatabase] Embedded database stopped
2023.04.17 14:26:26 INFO  web[][o.s.s.app.WebServer] WebServer stopped
